# JRE version: Java(TM) SE Runtime Environment (8.0_60-b27) (build 1.8.0_60-b27)
# Java VM: Java HotSpot(TM) 64-Bit Server VM (25.60-b23 mixed mode windows-amd64 compressed oops)
Heap:
 PSYoungGen      total 211968K, used 10438K [0x00000000eab00000, 0x00000000fae00000, 0x0000000100000000)
  eden space 196096K, 5% used [0x00000000eab00000,0x00000000eb5319d0,0x00000000f6a80000)
  from space 15872K, 0% used [0x00000000f6a80000,0x00000000f6a80000,0x00000000f7a00000)
  to   space 15360K, 0% used [0x00000000f9f00000,0x00000000f9f00000,0x00000000fae00000)
 ParOldGen       total 91136K, used 34831K [0x00000000c0000000, 0x00000000c5900000, 0x00000000eab00000)
  object space 91136K, 38% used [0x00000000c0000000,0x00000000c2203d48,0x00000000c5900000)
 Metaspace       used 59751K, capacity 61346K, committed 61528K, reserved 1101824K
  class space    used 8109K, capacity 8455K, committed 8576K, reserved 1048576K
GC Heap History (10 events):
Event: 22.587 GC heap before
{Heap before GC invocations=17 (full 2):
 PSYoungGen      total 156672K, used 156656K [0x00000000eab00000, 0x00000000f5880000, 0x0000000100000000)
  eden space 145920K, 100% used [0x00000000eab00000,0x00000000f3980000,0x00000000f3980000)
  from space 10752K, 99% used [0x00000000f4800000,0x00000000f527c350,0x00000000f5280000)
  to   space 14848K, 0% used [0x00000000f3980000,0x00000000f3980000,0x00000000f4800000)
 ParOldGen       total 47104K, used 23253K [0x00000000c0000000, 0x00000000c2e00000, 0x00000000eab00000)
  object space 47104K, 49% used [0x00000000c0000000,0x00000000c16b55f8,0x00000000c2e00000)
 Metaspace       used 56108K, capacity 57604K, committed 57984K, reserved 1099776K
  class space    used 7619K, capacity 7958K, committed 8064K, reserved 1048576K
Event: 22.614 GC heap after
Heap after GC invocations=17 (full 2):
 PSYoungGen      total 160768K, used 11925K [0x00000000eab00000, 0x00000000f8c00000, 0x0000000100000000)
  eden space 145920K, 0% used [0x00000000eab00000,0x00000000eab00000,0x00000000f3980000)
  from space 14848K, 80% used [0x00000000f3980000,0x00000000f45257b8,0x00000000f4800000)
  to   space 16384K, 0% used [0x00000000f7c00000,0x00000000f7c00000,0x00000000f8c00000)
 ParOldGen       total 47104K, used 32271K [0x00000000c0000000, 0x00000000c2e00000, 0x00000000eab00000)
  object space 47104K, 68% used [0x00000000c0000000,0x00000000c1f83ec8,0x00000000c2e00000)
 Metaspace       used 56108K, capacity 57604K, committed 57984K, reserved 1099776K
  class space    used 7619K, capacity 7958K, committed 8064K, reserved 1048576K
}
Event: 23.656 GC heap before
{Heap before GC invocations=18 (full 2):
 PSYoungGen      total 160768K, used 139284K [0x00000000eab00000, 0x00000000f8c00000, 0x0000000100000000)
  eden space 145920K, 87% used [0x00000000eab00000,0x00000000f275f990,0x00000000f3980000)
  from space 14848K, 80% used [0x00000000f3980000,0x00000000f45257b8,0x00000000f4800000)
  to   space 16384K, 0% used [0x00000000f7c00000,0x00000000f7c00000,0x00000000f8c00000)
 ParOldGen       total 47104K, used 32271K [0x00000000c0000000, 0x00000000c2e00000, 0x00000000eab00000)
  object space 47104K, 68% used [0x00000000c0000000,0x00000000c1f83ec8,0x00000000c2e00000)
 Metaspace       used 57515K, capacity 59074K, committed 59096K, reserved 1099776K
  class space    used 7835K, capacity 8179K, committed 8192K, reserved 1048576K
Event: 23.671 GC heap after
Heap after GC invocations=18 (full 2):
 PSYoungGen      total 209920K, used 7702K [0x00000000eab00000, 0x00000000f8980000, 0x0000000100000000)
  eden space 196096K, 0% used [0x00000000eab00000,0x00000000eab00000,0x00000000f6a80000)
  from space 13824K, 55% used [0x00000000f7c00000,0x00000000f8385b90,0x00000000f8980000)
  to   space 15872K, 0% used [0x00000000f6a80000,0x00000000f6a80000,0x00000000f7a00000)
 ParOldGen       total 47104K, used 40968K [0x00000000c0000000, 0x00000000c2e00000, 0x00000000eab00000)
  object space 47104K, 86% used [0x00000000c0000000,0x00000000c2802208,0x00000000c2e00000)
 Metaspace       used 57515K, capacity 59074K, committed 59096K, reserved 1099776K
  class space    used 7835K, capacity 8179K, committed 8192K, reserved 1048576K
}
Event: 23.671 GC heap before
{Heap before GC invocations=19 (full 3):
 PSYoungGen      total 209920K, used 7702K [0x00000000eab00000, 0x00000000f8980000, 0x0000000100000000)
  eden space 196096K, 0% used [0x00000000eab00000,0x00000000eab00000,0x00000000f6a80000)
  from space 13824K, 55% used [0x00000000f7c00000,0x00000000f8385b90,0x00000000f8980000)
  to   space 15872K, 0% used [0x00000000f6a80000,0x00000000f6a80000,0x00000000f7a00000)
 ParOldGen       total 47104K, used 40968K [0x00000000c0000000, 0x00000000c2e00000, 0x00000000eab00000)
  object space 47104K, 86% used [0x00000000c0000000,0x00000000c2802208,0x00000000c2e00000)
 Metaspace       used 57515K, capacity 59074K, committed 59096K, reserved 1099776K
  class space    used 7835K, capacity 8179K, committed 8192K, reserved 1048576K
Event: 24.007 GC heap after
Heap after GC invocations=19 (full 3):
 PSYoungGen      total 209920K, used 0K [0x00000000eab00000, 0x00000000f8980000, 0x0000000100000000)
  eden space 196096K, 0% used [0x00000000eab00000,0x00000000eab00000,0x00000000f6a80000)
  from space 13824K, 0% used [0x00000000f7c00000,0x00000000f7c00000,0x00000000f8980000)
  to   space 15872K, 0% used [0x00000000f6a80000,0x00000000f6a80000,0x00000000f7a00000)
 ParOldGen       total 91136K, used 43960K [0x00000000c0000000, 0x00000000c5900000, 0x00000000eab00000)
  object space 91136K, 48% used [0x00000000c0000000,0x00000000c2aee278,0x00000000c5900000)
 Metaspace       used 57515K, capacity 59074K, committed 59096K, reserved 1099776K
  class space    used 7835K, capacity 8179K, committed 8192K, reserved 1048576K
}
Event: 24.573 GC heap before
{Heap before GC invocations=20 (full 3):
 PSYoungGen      total 209920K, used 36782K [0x00000000eab00000, 0x00000000f8980000, 0x0000000100000000)
  eden space 196096K, 18% used [0x00000000eab00000,0x00000000eceeb8f8,0x00000000f6a80000)
  from space 13824K, 0% used [0x00000000f7c00000,0x00000000f7c00000,0x00000000f8980000)
  to   space 15872K, 0% used [0x00000000f6a80000,0x00000000f6a80000,0x00000000f7a00000)
 ParOldGen       total 91136K, used 43960K [0x00000000c0000000, 0x00000000c5900000, 0x00000000eab00000)
  object space 91136K, 48% used [0x00000000c0000000,0x00000000c2aee278,0x00000000c5900000)
 Metaspace       used 59644K, capacity 61234K, committed 61400K, reserved 1101824K
  class space    used 8100K, capacity 8447K, committed 8448K, reserved 1048576K
Event: 24.578 GC heap after
Heap after GC invocations=20 (full 3):
 PSYoungGen      total 211968K, used 2628K [0x00000000eab00000, 0x00000000fae00000, 0x0000000100000000)
  eden space 196096K, 0% used [0x00000000eab00000,0x00000000eab00000,0x00000000f6a80000)
  from space 15872K, 16% used [0x00000000f6a80000,0x00000000f6d11190,0x00000000f7a00000)
  to   space 15360K, 0% used [0x00000000f9f00000,0x00000000f9f00000,0x00000000fae00000)
 ParOldGen       total 91136K, used 43968K [0x00000000c0000000, 0x00000000c5900000, 0x00000000eab00000)
  object space 91136K, 48% used [0x00000000c0000000,0x00000000c2af0278,0x00000000c5900000)
 Metaspace       used 59644K, capacity 61234K, committed 61400K, reserved 1101824K
  class space    used 8100K, capacity 8447K, committed 8448K, reserved 1048576K
}
Event: 24.578 GC heap before
{Heap before GC invocations=21 (full 4):
 PSYoungGen      total 211968K, used 2628K [0x00000000eab00000, 0x00000000fae00000, 0x0000000100000000)
  eden space 196096K, 0% used [0x00000000eab00000,0x00000000eab00000,0x00000000f6a80000)
  from space 15872K, 16% used [0x00000000f6a80000,0x00000000f6d11190,0x00000000f7a00000)
  to   space 15360K, 0% used [0x00000000f9f00000,0x00000000f9f00000,0x00000000fae00000)
 ParOldGen       total 91136K, used 43968K [0x00000000c0000000, 0x00000000c5900000, 0x00000000eab00000)
  object space 91136K, 48% used [0x00000000c0000000,0x00000000c2af0278,0x00000000c5900000)
 Metaspace       used 59644K, capacity 61234K, committed 61400K, reserved 1101824K
  class space    used 8100K, capacity 8447K, committed 8448K, reserved 1048576K
Event: 24.871 GC heap after
Heap after GC invocations=21 (full 4):
 PSYoungGen      total 211968K, used 0K [0x00000000eab00000, 0x00000000fae00000, 0x0000000100000000)
  eden space 196096K, 0% used [0x00000000eab00000,0x00000000eab00000,0x00000000f6a80000)
  from space 15872K, 0% used [0x00000000f6a80000,0x00000000f6a80000,0x00000000f7a00000)
  to   space 15360K, 0% used [0x00000000f9f00000,0x00000000f9f00000,0x00000000fae00000)
 ParOldGen       total 91136K, used 34831K [0x00000000c0000000, 0x00000000c5900000, 0x00000000eab00000)
  object space 91136K, 38% used [0x00000000c0000000,0x00000000c2203d48,0x00000000c5900000)
 Metaspace       used 59644K, capacity 61234K, committed 61400K, reserved 1101824K
  class space    used 8100K, capacity 8447K, committed 8448K, reserved 1048576K
}

